INFO : root : 2022-08-23 00:06:49,707 : The string Constructor is called --------
INFO : root : 2022-08-23 00:06:49,709 : enter into the three jummping
INFO : root : 2022-08-23 00:06:49,710 : the jumpping of 3 steps -->: tssyityopgmncsa alrNph rgni ni
INFO : root : 2022-08-23 00:06:49,710 : This function tell you the reverse the string :
INFO : root : 2022-08-23 00:06:49,710 : The reversed value of the given string is noitcnuf sti dna gnirts nohtyp GNINrael ma i dna ssalc gnimmargorp nohtyP tsriF yM si siht
INFO : root : 2022-08-23 00:06:49,711 : This will change all the string into upper case and split the string
INFO : root : 2022-08-23 00:06:49,725 : This the value after uppering the string and spliting it  ['THIS', 'IS', 'MY', 'FIRST', 'PYTHON', 'PROGRAMMING', 'CLASS', 'AND', 'I', 'AM', 'LEARNING', 'PYTHON', 'STRING', 'AND', 'ITS', 'FUNCTION']
INFO : root : 2022-08-23 00:06:49,726 : This function tells you the lowercase letter of all strings
INFO : root : 2022-08-23 00:06:49,726 : Total string into Lowercase letters
INFO : root : 2022-08-23 00:06:49,726 : After converting the string into ------> this is my first python programming class and i am learning python string and its function
INFO : root : 2022-08-23 00:06:49,726 : This function tells you the captilize the strings
INFO : root : 2022-08-23 00:06:49,727 : Total string into captilize
INFO : root : 2022-08-23 00:06:49,727 : After converting the string into ------> This is my first python programming class and i am learning python string and its function
INFO : root : 2022-08-23 00:06:49,727 : This function tells you the difference between isalpha and isalnum the strings
INFO : root : 2022-08-23 00:06:49,727 : check the string isalpha -
INFO : root : 2022-08-23 00:06:49,728 : This is having the numerical values like ! and spaces as well
INFO : root : 2022-08-23 00:06:49,728 : This function tells you the expand tabs like slash t white spaces the strings
INFO : root : 2022-08-23 00:06:49,729 : check the string is having the expand tab or not if yes it will print the output
INFO : root : 2022-08-23 00:06:49,729 : This tells you the string to expand tabs this is My First Python programming class and i am learNING python string and its function
INFO : root : 2022-08-23 00:06:49,729 : This function tells you the leave the spaces(one tab space) into left side strings
INFO : root : 2022-08-23 00:06:49,730 : check the string is having the lstrip
INFO : root : 2022-08-23 00:06:49,730 : This leaves you the space in the left side of the string value :this is My First Python programming class and i am learNING python string and its function
INFO : root : 2022-08-23 00:06:49,730 : This function tells you the leave the spaces(one tab space) into right side strings
INFO : root : 2022-08-23 00:06:49,730 : check the string is having the rstrip
INFO : root : 2022-08-23 00:06:49,731 : This leaves you the space in the right side of the string value :this is My First Python programming class and i am learNING python string and its function
INFO : root : 2022-08-23 00:06:49,731 : This function tells you the non spaces between the words in the string
INFO : root : 2022-08-23 00:06:49,731 : check the string is having the strip
INFO : root : 2022-08-23 00:06:49,731 : This leaves you the space string value :this is My First Python programming class and i am learNING python string and its function
INFO : root : 2022-08-23 00:06:49,732 : This function tells you the replace the value
INFO : root : 2022-08-23 00:06:49,732 : This changes the strings to the name
INFO : root : 2022-08-23 00:06:49,732 : This will tells you the replace value in the string  : this is My First Pandas programming class and i am learNING sklearn string and its function
INFO : root : 2022-08-23 00:06:49,732 : This function tells you the center function
INFO : root : 2022-08-23 00:06:49,733 :  
INFO : root : 2022-08-23 00:06:49,733 : : this is My First Python programming class and i am learNING python string and its function
INFO : root : 2022-08-23 00:06:49,733 : ------------------------------------------------------------------------------------------------------------------------------------------------------
INFO : root : 2022-08-23 00:06:49,734 : [1, 2, 3, 4]
INFO : root : 2022-08-23 00:06:49,734 : ['ineuron', 'data science']
INFO : root : 2022-08-23 00:06:49,734 : {'k1': 'sudh', 'k2': 'ineuron', 'k3': 'kumar', 3: 6, 7: 8}
INFO : root : 2022-08-23 00:06:49,735 : (2, 3, 4, 5, 6)
INFO : root : 2022-08-23 00:06:49,735 : (3, 4, 5, 6, 7)
INFO : root : 2022-08-23 00:06:49,735 : [1, 2, 3, 4, 2, 3, 4, 5, 6, 3, 4, 5, 6, 7, 45, 4, 5, 23, 6, 3, 8, 7]
INFO : root : 2022-08-23 00:06:49,736 : [1, 3, 3, 5, 3, 5, 7, 45, 5, 23, 3, 7]
INFO : root : 2022-08-23 00:06:49,736 : 156
INFO : root : 2022-08-23 00:06:49,736 : ['ineuron', 'ineuron']
INFO : root : 2022-08-23 00:06:49,736 : [1, 2, 3, 4, 2, 3, 4, 5, 6, 3, 4, 5, 6, 7, 45, 4, 5, 23, 'k1', 'sudh', 'k2', 'ineuron', 'k3', 'kumar', 3, 6, 7, 8, 'ineuron', 'data science']
INFO : root : 2022-08-23 00:06:49,737 : 1 -- > 1
INFO : root : 2022-08-23 00:06:49,737 : 2 -- > 2
INFO : root : 2022-08-23 00:06:49,737 : 3 -- > 4
INFO : root : 2022-08-23 00:06:49,738 : 4 -- > 4
INFO : root : 2022-08-23 00:06:49,738 : 5 -- > 3
INFO : root : 2022-08-23 00:06:49,738 : 6 -- > 3
INFO : root : 2022-08-23 00:06:49,738 : 7 -- > 2
INFO : root : 2022-08-23 00:06:49,739 : 8 -- > 1
INFO : root : 2022-08-23 00:06:49,739 : data science -- > 1
INFO : root : 2022-08-23 00:06:49,739 : 45 -- > 1
INFO : root : 2022-08-23 00:06:49,739 : k1 -- > 1
INFO : root : 2022-08-23 00:06:49,740 : kumar -- > 1
INFO : root : 2022-08-23 00:06:49,740 : sudh -- > 1
INFO : root : 2022-08-23 00:06:49,740 : ineuron -- > 2
INFO : root : 2022-08-23 00:06:49,741 : k2 -- > 1
INFO : root : 2022-08-23 00:06:49,741 : 23 -- > 1
INFO : root : 2022-08-23 00:06:49,741 : k3 -- > 1
INFO : root : 2022-08-23 00:06:49,742 : 5
INFO : root : 2022-08-23 00:06:49,742 : ['k1', 'sudh', 'k2', 'ineuron', 'k3', 'kumar', 'ineuron', 'data science']
INFO : root : 2022-08-23 00:06:49,742 : ['k1', 'k2', 'k3']
INFO : root : 2022-08-23 00:06:49,742 : ------------------------------------------------------------------------------------------------------------------------------------------------------
INFO : root : 2022-08-23 00:06:49,743 : [{'key1': 'sudh', 234: [23, 45, 656]}, (234, 6657, 6), [345, 56, 87, 8, 98, 9], [23, 456, 67, 8, 78, 78], 7, 6, 5, 4, 3]
INFO : root : 2022-08-23 00:06:49,743 : [234, 234]
INFO : root : 2022-08-23 00:06:49,743 : [456]
INFO : root : 2022-08-23 00:06:49,744 : [[23, 456, 67, 8, 78, 78], [345, 56, 87, 8, 98, 9]]
INFO : root : 2022-08-23 00:06:49,744 : ['sudh']
INFO : root : 2022-08-23 00:06:49,744 : ['key1', 234]
INFO : root : 2022-08-23 00:06:49,744 : ['sudh', [23, 45, 656]]
INFO : root : 2022-08-23 00:06:49,745 : ------------------------------------------------------------------------------------------------------------------------------------------------------
INFO : root : 2022-08-23 00:06:49,745 : [(234, 6657, 6)]
INFO : root : 2022-08-23 00:22:37,096 : The string Constructor is called --------
INFO : root : 2022-08-23 00:22:37,135 : enter into the three jummping
INFO : root : 2022-08-23 00:22:37,136 : the jumpping of 3 steps -->: tssyityopgmncsa alrNph rgni ni
INFO : root : 2022-08-23 00:22:37,136 : This function tell you the reverse the string :
INFO : root : 2022-08-23 00:22:37,137 : The reversed value of the given string is noitcnuf sti dna gnirts nohtyp GNINrael ma i dna ssalc gnimmargorp nohtyP tsriF yM si siht
INFO : root : 2022-08-23 00:22:37,139 : This will change all the string into upper case and split the string
INFO : root : 2022-08-23 00:22:37,140 : This the value after uppering the string and spliting it  ['THIS', 'IS', 'MY', 'FIRST', 'PYTHON', 'PROGRAMMING', 'CLASS', 'AND', 'I', 'AM', 'LEARNING', 'PYTHON', 'STRING', 'AND', 'ITS', 'FUNCTION']
INFO : root : 2022-08-23 00:22:37,140 : This function tells you the lowercase letter of all strings
INFO : root : 2022-08-23 00:22:37,140 : Total string into Lowercase letters
INFO : root : 2022-08-23 00:22:37,141 : After converting the string into ------> this is my first python programming class and i am learning python string and its function
INFO : root : 2022-08-23 00:22:37,149 : This function tells you the captilize the strings
INFO : root : 2022-08-23 00:22:37,150 : Total string into captilize
INFO : root : 2022-08-23 00:22:37,150 : After converting the string into ------> This is my first python programming class and i am learning python string and its function
INFO : root : 2022-08-23 00:22:37,151 : This function tells you the difference between isalpha and isalnum the strings
INFO : root : 2022-08-23 00:22:37,152 : check the string isalpha -
INFO : root : 2022-08-23 00:22:37,152 : This is having the numerical values like ! and spaces as well
INFO : root : 2022-08-23 00:22:37,153 : This function tells you the expand tabs like slash t white spaces the strings
INFO : root : 2022-08-23 00:22:37,153 : check the string is having the expand tab or not if yes it will print the output
INFO : root : 2022-08-23 00:22:37,154 : This tells you the string to expand tabs this is My First Python programming class and i am learNING python string and its function
INFO : root : 2022-08-23 00:22:37,154 : This function tells you the leave the spaces(one tab space) into left side strings
INFO : root : 2022-08-23 00:22:37,155 : check the string is having the lstrip
INFO : root : 2022-08-23 00:22:37,155 : This leaves you the space in the left side of the string value :this is My First Python programming class and i am learNING python string and its function
INFO : root : 2022-08-23 00:22:37,155 : This function tells you the leave the spaces(one tab space) into right side strings
INFO : root : 2022-08-23 00:22:37,156 : check the string is having the rstrip
INFO : root : 2022-08-23 00:22:37,156 : This leaves you the space in the right side of the string value :this is My First Python programming class and i am learNING python string and its function
INFO : root : 2022-08-23 00:22:37,157 : This function tells you the non spaces between the words in the string
INFO : root : 2022-08-23 00:22:37,157 : check the string is having the strip
INFO : root : 2022-08-23 00:22:37,158 : This leaves you the space string value :this is My First Python programming class and i am learNING python string and its function
INFO : root : 2022-08-23 00:22:37,158 : This function tells you the replace the value
INFO : root : 2022-08-23 00:22:37,159 : This changes the strings to the name
INFO : root : 2022-08-23 00:22:37,159 : This will tells you the replace value in the string  : this is My First Pandas programming class and i am learNING sklearn string and its function
INFO : root : 2022-08-23 00:22:37,160 : This function tells you the center function
INFO : root : 2022-08-23 00:22:37,160 :  
INFO : root : 2022-08-23 00:22:37,160 : : this is My First Python programming class and i am learNING python string and its function
INFO : root : 2022-08-23 00:22:37,161 : ------------------------------------------------------------------------------------------------------------------------------------------------------
INFO : root : 2022-08-23 00:22:37,161 : [1, 2, 3, 4]
INFO : root : 2022-08-23 00:22:37,162 : ['ineuron', 'data science']
INFO : root : 2022-08-23 00:22:37,162 : {'k1': 'sudh', 'k2': 'ineuron', 'k3': 'kumar', 3: 6, 7: 8}
INFO : root : 2022-08-23 00:22:37,163 : (2, 3, 4, 5, 6)
INFO : root : 2022-08-23 00:22:37,163 : (3, 4, 5, 6, 7)
INFO : root : 2022-08-23 00:22:37,164 : [1, 2, 3, 4, 2, 3, 4, 5, 6, 3, 4, 5, 6, 7, 45, 4, 5, 23, 6, 3, 8, 7]
INFO : root : 2022-08-23 00:22:37,164 : [1, 3, 3, 5, 3, 5, 7, 45, 5, 23, 3, 7]
INFO : root : 2022-08-23 00:22:37,165 : 156
INFO : root : 2022-08-23 00:22:37,165 : ['ineuron', 'ineuron']
INFO : root : 2022-08-23 00:22:37,166 : [1, 2, 3, 4, 2, 3, 4, 5, 6, 3, 4, 5, 6, 7, 45, 4, 5, 23, 'k1', 'sudh', 'k2', 'ineuron', 'k3', 'kumar', 3, 6, 7, 8, 'ineuron', 'data science']
INFO : root : 2022-08-23 00:22:37,166 : 1 -- > 1
INFO : root : 2022-08-23 00:22:37,167 : 2 -- > 2
INFO : root : 2022-08-23 00:22:37,167 : 3 -- > 4
INFO : root : 2022-08-23 00:22:37,168 : 4 -- > 4
INFO : root : 2022-08-23 00:22:37,168 : 5 -- > 3
INFO : root : 2022-08-23 00:22:37,169 : 6 -- > 3
INFO : root : 2022-08-23 00:22:37,169 : 7 -- > 2
INFO : root : 2022-08-23 00:22:37,169 : kumar -- > 1
INFO : root : 2022-08-23 00:22:37,170 : 8 -- > 1
INFO : root : 2022-08-23 00:22:37,170 : data science -- > 1
INFO : root : 2022-08-23 00:22:37,170 : 45 -- > 1
INFO : root : 2022-08-23 00:22:37,171 : k3 -- > 1
INFO : root : 2022-08-23 00:22:37,171 : k1 -- > 1
INFO : root : 2022-08-23 00:22:37,171 : 23 -- > 1
INFO : root : 2022-08-23 00:22:37,171 : k2 -- > 1
INFO : root : 2022-08-23 00:22:37,172 : ineuron -- > 2
INFO : root : 2022-08-23 00:22:37,172 : sudh -- > 1
INFO : root : 2022-08-23 00:22:37,172 : 5
INFO : root : 2022-08-23 00:22:37,173 : ['k1', 'sudh', 'k2', 'ineuron', 'k3', 'kumar', 'ineuron', 'data science']
INFO : root : 2022-08-23 00:22:37,173 : ['k1', 'k2', 'k3']
INFO : root : 2022-08-23 00:22:37,173 : ------------------------------------------------------------------------------------------------------------------------------------------------------
INFO : root : 2022-08-23 00:22:37,173 : [{'key1': 'sudh', 234: [23, 45, 656]}, (234, 6657, 6), [345, 56, 87, 8, 98, 9], [23, 456, 67, 8, 78, 78], 7, 6, 5, 4, 3]
INFO : root : 2022-08-23 00:22:37,174 : [234, 234]
INFO : root : 2022-08-23 00:22:37,174 : [456]
INFO : root : 2022-08-23 00:22:37,174 : [[23, 456, 67, 8, 78, 78], [345, 56, 87, 8, 98, 9]]
INFO : root : 2022-08-23 00:22:37,175 : ['sudh']
INFO : root : 2022-08-23 00:22:37,175 : ['key1', 234]
INFO : root : 2022-08-23 00:22:37,175 : ['sudh', [23, 45, 656]]
INFO : root : 2022-08-23 00:22:37,176 : ------------------------------------------------------------------------------------------------------------------------------------------------------
INFO : root : 2022-08-23 00:22:37,176 : [(234, 6657, 6)]
